Starting a Gradle Daemon, 1 busy and 4 stopped Daemons could not be reused, use --status for details
Reusing configuration cache.
> Task :backend:checkKotlinGradlePluginConfigurationErrors SKIPPED
> Task :backend:processResources UP-TO-DATE
> Task :backend:compileKotlin UP-TO-DATE
> Task :backend:compileJava NO-SOURCE
> Task :backend:classes UP-TO-DATE

> Task :backend:run
2026-07-19 22:21:31.567 [main] INFO  io.ktor.server.Application - Autoreload is disabled because the development mode is off.
2026-07-19 22:21:31.755 [main] INFO  Application - Starting Decisões Social Network Backend API...
2026-07-19 22:21:31.756 [main] INFO  c.d.s.database.DatabaseConnector - Using H2 database at ./decisoes_db
2026-07-19 22:21:31.758 [main] INFO  c.d.s.database.DatabaseConnector - Initializing database connection to: jdbc:h2:file:./decisoes_db;MODE=PostgreSQL;DATABASE_TO_LOWER=TRUE;DEFAULT_NULL_ORDERING=HIGH
2026-07-19 22:21:31.830 [main] INFO  com.zaxxer.hikari.HikariDataSource - HikariPool-1 - Starting...
Exception in thread "main" com.zaxxer.hikari.pool.HikariPool$PoolInitializationException: Failed to initialize pool: Database may be already in use: "/app/applet/backend/decisoes_db.mv.db". Possible solutions: close all other connection(s); use the server mode [90020-224]
	at com.zaxxer.hikari.pool.HikariPool.throwPoolInitializationException(HikariPool.java:606)
	at com.zaxxer.hikari.pool.HikariPool.checkFailFast(HikariPool.java:593)
	at com.zaxxer.hikari.pool.HikariPool.<init>(HikariPool.java:101)
	at com.zaxxer.hikari.HikariDataSource.<init>(HikariDataSource.java:80)
	at com.decisoes.shared.database.DatabaseConnector.init(DatabaseConnector.kt:50)
	at com.decisoes.app.ApplicationKt.module(Application.kt:45)
	at java.base/jdk.internal.reflect.DirectMethodHandleAccessor.invoke(DirectMethodHandleAccessor.java:103)
	at java.base/java.lang.reflect.Method.invoke(Method.java:580)
	at kotlin.reflect.jvm.internal.calls.CallerImpl$Method.callMethod(CallerImpl.kt:97)
	at kotlin.reflect.jvm.internal.calls.CallerImpl$Method$Static.call(CallerImpl.kt:106)
	at kotlin.reflect.jvm.internal.KCallableImpl.callDefaultMethod$kotlin_reflection(KCallableImpl.kt:207)
	at kotlin.reflect.jvm.internal.KCallableImpl.callBy(KCallableImpl.kt:112)
	at io.ktor.server.engine.internal.CallableUtilsKt.callFunctionWithInjection(CallableUtils.kt:120)
	at io.ktor.server.engine.internal.CallableUtilsKt.executeModuleFunction(CallableUtils.kt:36)
	at io.ktor.server.engine.EmbeddedServer.launchModuleByName$lambda$26(EmbeddedServerJvm.kt:380)
	at io.ktor.server.engine.EmbeddedServer.avoidingDoubleStartupFor(EmbeddedServerJvm.kt:404)
	at io.ktor.server.engine.EmbeddedServer.launchModuleByName(EmbeddedServerJvm.kt:379)
	at io.ktor.server.engine.EmbeddedServer.instantiateAndConfigureApplication$lambda$25(EmbeddedServerJvm.kt:367)
	at io.ktor.server.engine.EmbeddedServer.avoidingDoubleStartup(EmbeddedServerJvm.kt:386)
	at io.ktor.server.engine.EmbeddedServer.instantiateAndConfigureApplication(EmbeddedServerJvm.kt:358)
	at io.ktor.server.engine.EmbeddedServer.createApplication(EmbeddedServerJvm.kt:159)
	at io.ktor.server.engine.EmbeddedServer.start(EmbeddedServerJvm.kt:289)
	at com.decisoes.app.ApplicationKt.main(Application.kt:37)
	at com.decisoes.app.ApplicationKt.main(Application.kt)
Caused by: org.h2.jdbc.JdbcSQLNonTransientConnectionException: Database may be already in use: "/app/applet/backend/decisoes_db.mv.db". Possible solutions: close all other connection(s); use the server mode [90020-224]
	at org.h2.message.DbException.getJdbcSQLException(DbException.java:690)
	at org.h2.message.DbException.getJdbcSQLException(DbException.java:489)
	at org.h2.message.DbException.get(DbException.java:212)
	at org.h2.mvstore.db.Store.convertMVStoreException(Store.java:165)
	at org.h2.mvstore.db.Store.<init>(Store.java:142)
	at org.h2.engine.Database.<init>(Database.java:326)
	at org.h2.engine.Engine.openSession(Engine.java:92)
	at org.h2.engine.Engine.openSession(Engine.java:222)
	at org.h2.engine.Engine.createSession(Engine.java:201)
	at org.h2.engine.SessionRemote.connectEmbeddedOrServer(SessionRemote.java:343)
	at org.h2.jdbc.JdbcConnection.<init>(JdbcConnection.java:125)
	at org.h2.Driver.connect(Driver.java:59)
	at com.zaxxer.hikari.util.DriverDataSource.getConnection(DriverDataSource.java:139)
	at com.zaxxer.hikari.pool.PoolBase.newConnection(PoolBase.java:367)
	at com.zaxxer.hikari.pool.PoolBase.newPoolEntry(PoolBase.java:205)
	at com.zaxxer.hikari.pool.HikariPool.createPoolEntry(HikariPool.java:484)
	at com.zaxxer.hikari.pool.HikariPool.checkFailFast(HikariPool.java:572)
	... 22 more
Caused by: org.h2.mvstore.MVStoreException: The file is locked: /app/applet/backend/decisoes_db.mv.db [2.2.224/7]
	at org.h2.mvstore.DataUtils.newMVStoreException(DataUtils.java:996)
	at org.h2.mvstore.SingleFileStore.lockFileChannel(SingleFileStore.java:143)
	at org.h2.mvstore.SingleFileStore.open(SingleFileStore.java:117)
	at org.h2.mvstore.SingleFileStore.open(SingleFileStore.java:81)
	at org.h2.mvstore.MVStore.<init>(MVStore.java:286)
	at org.h2.mvstore.MVStore$Builder.open(MVStore.java:2035)
	at org.h2.mvstore.db.Store.<init>(Store.java:133)
	... 34 more

> Task :backend:run FAILED

FAILURE: Build failed with an exception.

* What went wrong:
Execution failed for task ':backend:run'.
> Process 'command '/usr/lib/jvm/temurin-21-jdk-amd64/bin/java'' finished with non-zero exit value 1

* Try:
> Run with --stacktrace option to get the stack trace.
> Run with --info or --debug option to get more log output.
> Run with --scan to get full insights from a Build Scan (powered by Develocity).
> Get more help at https://help.gradle.org.

BUILD FAILED in 16s
3 actionable tasks: 1 executed, 2 up-to-date
Configuration cache entry reused.
